{"C:\\Users\\steph\\OneDrive\\Documents\\Personal_git\\paysafe\\Vitest\\my-react-app\\postcss.config.js": {"path":"C:\\Users\\steph\\OneDrive\\Documents\\Personal_git\\paysafe\\Vitest\\my-react-app\\postcss.config.js","all":true,"statementMap":{"0":{"start":{"line":1,"column":0},"end":{"line":1,"column":16}},"1":{"start":{"line":2,"column":0},"end":{"line":2,"column":12}},"2":{"start":{"line":3,"column":0},"end":{"line":3,"column":20}},"3":{"start":{"line":4,"column":0},"end":{"line":4,"column":21}},"4":{"start":{"line":5,"column":0},"end":{"line":5,"column":4}},"5":{"start":{"line":6,"column":0},"end":{"line":6,"column":1}}},"s":{"0":0,"1":0,"2":0,"3":0,"4":0,"5":0},"branchMap":{"0":{"type":"branch","line":1,"loc":{"start":{"line":1,"column":0},"end":{"line":6,"column":-11}},"locations":[{"start":{"line":1,"column":0},"end":{"line":6,"column":-11}}]}},"b":{"0":[0]},"fnMap":{"0":{"name":"(empty-report)","decl":{"start":{"line":1,"column":0},"end":{"line":6,"column":-11}},"loc":{"start":{"line":1,"column":0},"end":{"line":6,"column":-11}},"line":1}},"f":{"0":0}}
,"C:\\Users\\steph\\OneDrive\\Documents\\Personal_git\\paysafe\\Vitest\\my-react-app\\tailwind.config.js": {"path":"C:\\Users\\steph\\OneDrive\\Documents\\Personal_git\\paysafe\\Vitest\\my-react-app\\tailwind.config.js","all":true,"statementMap":{"0":{"start":{"line":1,"column":0},"end":{"line":1,"column":43}},"1":{"start":{"line":2,"column":0},"end":{"line":2,"column":16}},"2":{"start":{"line":3,"column":0},"end":{"line":3,"column":42}},"3":{"start":{"line":4,"column":0},"end":{"line":4,"column":40}},"4":{"start":{"line":5,"column":0},"end":{"line":5,"column":10}},"5":{"start":{"line":6,"column":0},"end":{"line":6,"column":13}},"6":{"start":{"line":7,"column":0},"end":{"line":7,"column":15}},"7":{"start":{"line":8,"column":0},"end":{"line":8,"column":33}},"8":{"start":{"line":9,"column":0},"end":{"line":9,"column":32}},"9":{"start":{"line":10,"column":0},"end":{"line":10,"column":8}},"10":{"start":{"line":11,"column":0},"end":{"line":11,"column":16}},"11":{"start":{"line":12,"column":0},"end":{"line":12,"column":20}},"12":{"start":{"line":13,"column":0},"end":{"line":13,"column":30}},"13":{"start":{"line":14,"column":0},"end":{"line":14,"column":20}},"14":{"start":{"line":15,"column":0},"end":{"line":15,"column":20}},"15":{"start":{"line":16,"column":0},"end":{"line":16,"column":21}},"16":{"start":{"line":17,"column":0},"end":{"line":17,"column":21}},"17":{"start":{"line":18,"column":0},"end":{"line":18,"column":24}},"18":{"start":{"line":19,"column":0},"end":{"line":19,"column":8}},"19":{"start":{"line":20,"column":0},"end":{"line":20,"column":6}},"20":{"start":{"line":21,"column":0},"end":{"line":21,"column":4}},"21":{"start":{"line":22,"column":0},"end":{"line":22,"column":14}},"22":{"start":{"line":23,"column":0},"end":{"line":23,"column":2}}},"s":{"0":0,"1":0,"2":0,"3":0,"4":0,"5":0,"6":0,"7":0,"8":0,"9":0,"10":0,"11":0,"12":0,"13":0,"14":0,"15":0,"16":0,"17":0,"18":0,"19":0,"20":0,"21":0,"22":0},"branchMap":{"0":{"type":"branch","line":1,"loc":{"start":{"line":1,"column":0},"end":{"line":23,"column":-13}},"locations":[{"start":{"line":1,"column":0},"end":{"line":23,"column":-13}}]}},"b":{"0":[0]},"fnMap":{"0":{"name":"(empty-report)","decl":{"start":{"line":1,"column":0},"end":{"line":23,"column":-13}},"loc":{"start":{"line":1,"column":0},"end":{"line":23,"column":-13}},"line":1}},"f":{"0":0}}
,"C:\\Users\\steph\\OneDrive\\Documents\\Personal_git\\paysafe\\Vitest\\my-react-app\\src\\App.tsx": {"path":"C:\\Users\\steph\\OneDrive\\Documents\\Personal_git\\paysafe\\Vitest\\my-react-app\\src\\App.tsx","all":true,"statementMap":{"0":{"start":{"line":1,"column":0},"end":{"line":1,"column":74}},"1":{"start":{"line":2,"column":0},"end":{"line":2,"column":49}},"2":{"start":{"line":3,"column":0},"end":{"line":3,"column":45}},"4":{"start":{"line":5,"column":0},"end":{"line":5,"column":16}},"5":{"start":{"line":6,"column":0},"end":{"line":6,"column":10}},"6":{"start":{"line":7,"column":0},"end":{"line":7,"column":12}},"7":{"start":{"line":8,"column":0},"end":{"line":8,"column":14}},"8":{"start":{"line":9,"column":0},"end":{"line":9,"column":63}},"9":{"start":{"line":10,"column":0},"end":{"line":10,"column":51}},"10":{"start":{"line":11,"column":0},"end":{"line":11,"column":49}},"11":{"start":{"line":12,"column":0},"end":{"line":12,"column":15}},"12":{"start":{"line":13,"column":0},"end":{"line":13,"column":13}},"14":{"start":{"line":15,"column":0},"end":{"line":15,"column":1}},"16":{"start":{"line":17,"column":0},"end":{"line":17,"column":19}}},"s":{"0":0,"1":0,"2":0,"4":0,"5":0,"6":0,"7":0,"8":0,"9":0,"10":0,"11":0,"12":0,"14":0,"16":0},"branchMap":{"0":{"type":"branch","line":1,"loc":{"start":{"line":1,"column":451},"end":{"line":17,"column":19}},"locations":[{"start":{"line":1,"column":451},"end":{"line":17,"column":19}}]}},"b":{"0":[0]},"fnMap":{"0":{"name":"(empty-report)","decl":{"start":{"line":1,"column":451},"end":{"line":17,"column":19}},"loc":{"start":{"line":1,"column":451},"end":{"line":17,"column":19}},"line":1}},"f":{"0":0}}
,"C:\\Users\\steph\\OneDrive\\Documents\\Personal_git\\paysafe\\Vitest\\my-react-app\\src\\main.tsx": {"path":"C:\\Users\\steph\\OneDrive\\Documents\\Personal_git\\paysafe\\Vitest\\my-react-app\\src\\main.tsx","all":true,"statementMap":{"0":{"start":{"line":1,"column":0},"end":{"line":1,"column":25}},"1":{"start":{"line":2,"column":0},"end":{"line":2,"column":39}},"2":{"start":{"line":3,"column":0},"end":{"line":3,"column":27}},"3":{"start":{"line":4,"column":0},"end":{"line":4,"column":20}},"5":{"start":{"line":6,"column":0},"end":{"line":6,"column":61}},"6":{"start":{"line":7,"column":0},"end":{"line":7,"column":20}},"7":{"start":{"line":8,"column":0},"end":{"line":8,"column":11}},"8":{"start":{"line":9,"column":0},"end":{"line":9,"column":22}},"9":{"start":{"line":10,"column":0},"end":{"line":10,"column":1}}},"s":{"0":0,"1":0,"2":0,"3":0,"5":0,"6":0,"7":0,"8":0,"9":0},"branchMap":{"0":{"type":"branch","line":1,"loc":{"start":{"line":1,"column":235},"end":{"line":10,"column":1}},"locations":[{"start":{"line":1,"column":235},"end":{"line":10,"column":1}}]}},"b":{"0":[0]},"fnMap":{"0":{"name":"(empty-report)","decl":{"start":{"line":1,"column":235},"end":{"line":10,"column":1}},"loc":{"start":{"line":1,"column":235},"end":{"line":10,"column":1}},"line":1}},"f":{"0":0}}
,"C:\\Users\\steph\\OneDrive\\Documents\\Personal_git\\paysafe\\Vitest\\my-react-app\\src\\components\\NotFound.tsx": {"path":"C:\\Users\\steph\\OneDrive\\Documents\\Personal_git\\paysafe\\Vitest\\my-react-app\\src\\components\\NotFound.tsx","all":false,"statementMap":{"0":{"start":{"line":1,"column":0},"end":{"line":1,"column":26}},"1":{"start":{"line":2,"column":0},"end":{"line":2,"column":40}},"3":{"start":{"line":4,"column":0},"end":{"line":4,"column":34}},"4":{"start":{"line":5,"column":0},"end":{"line":5,"column":10}},"5":{"start":{"line":6,"column":0},"end":{"line":6,"column":6}},"6":{"start":{"line":7,"column":0},"end":{"line":7,"column":137}},"7":{"start":{"line":8,"column":0},"end":{"line":8,"column":73}},"8":{"start":{"line":9,"column":0},"end":{"line":9,"column":28}},"10":{"start":{"line":11,"column":0},"end":{"line":11,"column":12}},"11":{"start":{"line":12,"column":0},"end":{"line":12,"column":66}},"13":{"start":{"line":14,"column":0},"end":{"line":14,"column":15}},"14":{"start":{"line":15,"column":0},"end":{"line":15,"column":12}},"15":{"start":{"line":16,"column":0},"end":{"line":16,"column":7}},"17":{"start":{"line":18,"column":0},"end":{"line":18,"column":2}},"19":{"start":{"line":20,"column":0},"end":{"line":20,"column":24}}},"s":{"0":1,"1":1,"3":1,"4":1,"5":1,"6":1,"7":1,"8":1,"10":1,"11":1,"13":1,"14":1,"15":1,"17":1,"19":1},"branchMap":{"0":{"type":"branch","line":4,"loc":{"start":{"line":4,"column":27},"end":{"line":18,"column":2}},"locations":[{"start":{"line":4,"column":27},"end":{"line":18,"column":2}}]}},"b":{"0":[1]},"fnMap":{"0":{"name":"NotFound","decl":{"start":{"line":4,"column":27},"end":{"line":18,"column":2}},"loc":{"start":{"line":4,"column":27},"end":{"line":18,"column":2}},"line":4}},"f":{"0":1}}
,"C:\\Users\\steph\\OneDrive\\Documents\\Personal_git\\paysafe\\Vitest\\my-react-app\\src\\components\\UserDetail.tsx": {"path":"C:\\Users\\steph\\OneDrive\\Documents\\Personal_git\\paysafe\\Vitest\\my-react-app\\src\\components\\UserDetail.tsx","all":false,"statementMap":{"0":{"start":{"line":1,"column":0},"end":{"line":1,"column":51}},"1":{"start":{"line":2,"column":0},"end":{"line":2,"column":45}},"2":{"start":{"line":3,"column":0},"end":{"line":3,"column":26}},"3":{"start":{"line":4,"column":0},"end":{"line":4,"column":46}},"15":{"start":{"line":16,"column":0},"end":{"line":16,"column":36}},"16":{"start":{"line":17,"column":0},"end":{"line":17,"column":53}},"17":{"start":{"line":18,"column":0},"end":{"line":18,"column":54}},"18":{"start":{"line":19,"column":0},"end":{"line":19,"column":47}},"19":{"start":{"line":20,"column":0},"end":{"line":20,"column":58}},"21":{"start":{"line":22,"column":0},"end":{"line":22,"column":19}},"22":{"start":{"line":23,"column":0},"end":{"line":23,"column":35}},"23":{"start":{"line":24,"column":0},"end":{"line":24,"column":11}},"24":{"start":{"line":25,"column":0},"end":{"line":25,"column":25}},"25":{"start":{"line":26,"column":0},"end":{"line":26,"column":41}},"26":{"start":{"line":27,"column":0},"end":{"line":27,"column":48}},"27":{"start":{"line":28,"column":0},"end":{"line":28,"column":10}},"28":{"start":{"line":29,"column":0},"end":{"line":29,"column":31}},"29":{"start":{"line":30,"column":0},"end":{"line":30,"column":35}},"30":{"start":{"line":31,"column":0},"end":{"line":31,"column":26}},"31":{"start":{"line":32,"column":0},"end":{"line":32,"column":23}},"32":{"start":{"line":33,"column":0},"end":{"line":33,"column":54}},"33":{"start":{"line":34,"column":0},"end":{"line":34,"column":26}},"34":{"start":{"line":35,"column":0},"end":{"line":35,"column":7}},"35":{"start":{"line":36,"column":0},"end":{"line":36,"column":6}},"37":{"start":{"line":38,"column":0},"end":{"line":38,"column":16}},"38":{"start":{"line":39,"column":0},"end":{"line":39,"column":15}},"40":{"start":{"line":41,"column":0},"end":{"line":41,"column":10}},"41":{"start":{"line":42,"column":0},"end":{"line":42,"column":79}},"42":{"start":{"line":43,"column":0},"end":{"line":43,"column":40}},"43":{"start":{"line":44,"column":0},"end":{"line":44,"column":35}},"44":{"start":{"line":45,"column":0},"end":{"line":45,"column":38}},"45":{"start":{"line":46,"column":0},"end":{"line":46,"column":10}},"46":{"start":{"line":47,"column":0},"end":{"line":47,"column":40}},"47":{"start":{"line":48,"column":0},"end":{"line":48,"column":11}},"49":{"start":{"line":50,"column":0},"end":{"line":50,"column":64}},"50":{"start":{"line":51,"column":0},"end":{"line":51,"column":10}},"52":{"start":{"line":53,"column":0},"end":{"line":53,"column":2}},"54":{"start":{"line":55,"column":0},"end":{"line":55,"column":26}}},"s":{"0":1,"1":1,"2":1,"3":1,"15":1,"16":6,"17":6,"18":6,"19":6,"21":6,"22":3,"23":3,"24":3,"25":3,"26":3,"27":3,"28":2,"29":2,"30":2,"31":3,"32":1,"33":1,"34":1,"35":3,"37":3,"38":6,"40":6,"41":6,"42":6,"43":6,"44":6,"45":1,"46":1,"47":1,"49":6,"50":6,"52":6,"54":1},"branchMap":{"0":{"type":"branch","line":16,"loc":{"start":{"line":16,"column":29},"end":{"line":53,"column":2}},"locations":[{"start":{"line":16,"column":29},"end":{"line":53,"column":2}}]},"1":{"type":"branch","line":43,"loc":{"start":{"line":43,"column":7},"end":{"line":43,"column":40}},"locations":[{"start":{"line":43,"column":7},"end":{"line":43,"column":40}}]},"2":{"type":"branch","line":44,"loc":{"start":{"line":44,"column":7},"end":{"line":44,"column":35}},"locations":[{"start":{"line":44,"column":7},"end":{"line":44,"column":35}}]},"3":{"type":"branch","line":45,"loc":{"start":{"line":45,"column":8},"end":{"line":45,"column":29}},"locations":[{"start":{"line":45,"column":8},"end":{"line":45,"column":29}}]},"4":{"type":"branch","line":45,"loc":{"start":{"line":45,"column":20},"end":{"line":45,"column":38}},"locations":[{"start":{"line":45,"column":20},"end":{"line":45,"column":38}}]},"5":{"type":"branch","line":45,"loc":{"start":{"line":45,"column":29},"end":{"line":48,"column":11}},"locations":[{"start":{"line":45,"column":29},"end":{"line":48,"column":11}}]},"6":{"type":"branch","line":50,"loc":{"start":{"line":50,"column":8},"end":{"line":50,"column":29}},"locations":[{"start":{"line":50,"column":8},"end":{"line":50,"column":29}}]},"7":{"type":"branch","line":50,"loc":{"start":{"line":50,"column":20},"end":{"line":50,"column":38}},"locations":[{"start":{"line":50,"column":20},"end":{"line":50,"column":38}}]},"8":{"type":"branch","line":50,"loc":{"start":{"line":50,"column":30},"end":{"line":50,"column":64}},"locations":[{"start":{"line":50,"column":30},"end":{"line":50,"column":64}}]},"9":{"type":"branch","line":22,"loc":{"start":{"line":22,"column":12},"end":{"line":39,"column":5}},"locations":[{"start":{"line":22,"column":12},"end":{"line":39,"column":5}}]},"10":{"type":"branch","line":23,"loc":{"start":{"line":23,"column":22},"end":{"line":36,"column":6}},"locations":[{"start":{"line":23,"column":22},"end":{"line":36,"column":6}}]},"11":{"type":"branch","line":28,"loc":{"start":{"line":28,"column":8},"end":{"line":32,"column":15}},"locations":[{"start":{"line":28,"column":8},"end":{"line":32,"column":15}}]},"12":{"type":"branch","line":32,"loc":{"start":{"line":32,"column":6},"end":{"line":35,"column":7}},"locations":[{"start":{"line":32,"column":6},"end":{"line":35,"column":7}}]}},"b":{"0":[6],"1":[3],"2":[1],"3":[3],"4":[2],"5":[1],"6":[3],"7":[2],"8":[1],"9":[3],"10":[3],"11":[2],"12":[1]},"fnMap":{"0":{"name":"UserDetail","decl":{"start":{"line":16,"column":29},"end":{"line":53,"column":2}},"loc":{"start":{"line":16,"column":29},"end":{"line":53,"column":2}},"line":16},"1":{"name":"fetchUser","decl":{"start":{"line":23,"column":22},"end":{"line":36,"column":6}},"loc":{"start":{"line":23,"column":22},"end":{"line":36,"column":6}},"line":23}},"f":{"0":6,"1":3}}
,"C:\\Users\\steph\\OneDrive\\Documents\\Personal_git\\paysafe\\Vitest\\my-react-app\\src\\components\\UserDetailCard.tsx": {"path":"C:\\Users\\steph\\OneDrive\\Documents\\Personal_git\\paysafe\\Vitest\\my-react-app\\src\\components\\UserDetailCard.tsx","all":false,"statementMap":{"0":{"start":{"line":1,"column":0},"end":{"line":1,"column":26}},"12":{"start":{"line":13,"column":0},"end":{"line":13,"column":64}},"13":{"start":{"line":14,"column":0},"end":{"line":14,"column":76}},"14":{"start":{"line":15,"column":0},"end":{"line":15,"column":9}},"16":{"start":{"line":17,"column":0},"end":{"line":17,"column":10}},"17":{"start":{"line":18,"column":0},"end":{"line":18,"column":9}},"18":{"start":{"line":19,"column":0},"end":{"line":19,"column":129}},"19":{"start":{"line":20,"column":0},"end":{"line":20,"column":154}},"20":{"start":{"line":21,"column":0},"end":{"line":21,"column":14}},"21":{"start":{"line":22,"column":0},"end":{"line":22,"column":202}},"22":{"start":{"line":23,"column":0},"end":{"line":23,"column":31}},"23":{"start":{"line":24,"column":0},"end":{"line":24,"column":22}},"24":{"start":{"line":25,"column":0},"end":{"line":25,"column":12}},"25":{"start":{"line":26,"column":0},"end":{"line":26,"column":14}},"26":{"start":{"line":27,"column":0},"end":{"line":27,"column":145}},"27":{"start":{"line":28,"column":0},"end":{"line":28,"column":68}},"28":{"start":{"line":29,"column":0},"end":{"line":29,"column":62}},"29":{"start":{"line":30,"column":0},"end":{"line":30,"column":62}},"30":{"start":{"line":31,"column":0},"end":{"line":31,"column":58}},"31":{"start":{"line":32,"column":0},"end":{"line":32,"column":65}},"32":{"start":{"line":33,"column":0},"end":{"line":33,"column":21}},"33":{"start":{"line":34,"column":0},"end":{"line":34,"column":14}},"34":{"start":{"line":35,"column":0},"end":{"line":35,"column":90}},"35":{"start":{"line":36,"column":0},"end":{"line":36,"column":186}},"37":{"start":{"line":38,"column":0},"end":{"line":38,"column":21}},"38":{"start":{"line":39,"column":0},"end":{"line":39,"column":212}},"40":{"start":{"line":41,"column":0},"end":{"line":41,"column":21}},"41":{"start":{"line":42,"column":0},"end":{"line":42,"column":16}},"42":{"start":{"line":43,"column":0},"end":{"line":43,"column":14}},"43":{"start":{"line":44,"column":0},"end":{"line":44,"column":12}},"44":{"start":{"line":45,"column":0},"end":{"line":45,"column":10}},"46":{"start":{"line":47,"column":0},"end":{"line":47,"column":2}},"48":{"start":{"line":49,"column":0},"end":{"line":49,"column":30}}},"s":{"0":1,"12":1,"13":3,"14":3,"16":3,"17":3,"18":3,"19":3,"20":3,"21":3,"22":3,"23":3,"24":3,"25":3,"26":3,"27":3,"28":3,"29":3,"30":3,"31":3,"32":3,"33":3,"34":3,"35":3,"37":3,"38":3,"40":3,"41":3,"42":3,"43":3,"44":3,"46":3,"48":1},"branchMap":{"0":{"type":"branch","line":13,"loc":{"start":{"line":13,"column":49},"end":{"line":47,"column":2}},"locations":[{"start":{"line":13,"column":49},"end":{"line":47,"column":2}}]}},"b":{"0":[3]},"fnMap":{"0":{"name":"UserDetailCard","decl":{"start":{"line":13,"column":49},"end":{"line":47,"column":2}},"loc":{"start":{"line":13,"column":49},"end":{"line":47,"column":2}},"line":13}},"f":{"0":3}}
}
